<?xml version="1.0" encoding="UTF-8"?>
<testng-results skipped="0" failed="0" ignored="0" total="1" passed="1">
  <reporter-output>
    <line>
      <![CDATA[hii]]>
    </line>
  </reporter-output>
  <suite name="Default suite" duration-ms="55" started-at="2018-06-15T08:10:20Z" finished-at="2018-06-15T08:10:20Z">
    <groups>
    </groups>
    <test name="Default test" duration-ms="55" started-at="2018-06-15T08:10:20Z" finished-at="2018-06-15T08:10:20Z">
      <class name="qsp.Demo">
        <test-method status="PASS" signature="abc()[pri:0, instance:qsp.Demo@5f375618]" name="abc" duration-ms="23" started-at="2018-06-15T08:10:20Z" finished-at="2018-06-15T08:10:20Z">
          <reporter-output>
            <line>
              <![CDATA[hii]]>
            </line>
          </reporter-output>
        </test-method> <!-- abc -->
      </class> <!-- qsp.Demo -->
    </test> <!-- Default test -->
  </suite> <!-- Default suite -->
</testng-results>
